<?xml version="1.0" encoding="windows-1252" standalone="no"?>
<!DOCTYPE log SYSTEM "logger.dtd">
<log>
<record>
  <date>2024-03-29T06:28:37.563056100Z</date>
  <millis>1711693717563</millis>
  <nanos>56100</nanos>
  <sequence>0</sequence>
  <logger>com.example.dadosmeteorologicos.App</logger>
  <level>INFO</level>
  <class>com.example.dadosmeteorologicos.App</class>
  <method>start</method>
  <thread>17</thread>
  <message>Banco de dados inicializado</message>
</record>
<record>
  <date>2024-03-29T06:28:39.037582600Z</date>
  <millis>1711693719037</millis>
  <nanos>582600</nanos>
  <sequence>3</sequence>
  <logger>com.example.dadosmeteorologicos.App</logger>
  <level>INFO</level>
  <class>com.example.dadosmeteorologicos.App</class>
  <method>start</method>
  <thread>17</thread>
  <message>Aplicativo iniciado</message>
</record>
</log>
<?xml version="1.0" encoding="windows-1252" standalone="no"?>
<!DOCTYPE log SYSTEM "logger.dtd">
<log>
<record>
  <date>2024-03-30T07:04:47.864489400Z</date>
  <millis>1711782287864</millis>
  <nanos>489400</nanos>
  <sequence>0</sequence>
  <logger>com.example.dadosmeteorologicos.App</logger>
  <level>INFO</level>
  <class>com.example.dadosmeteorologicos.App</class>
  <method>start</method>
  <thread>17</thread>
  <message>Banco de dados inicializado</message>
</record>
<record>
  <date>2024-03-30T07:04:49.841628200Z</date>
  <millis>1711782289841</millis>
  <nanos>628200</nanos>
  <sequence>3</sequence>
  <logger>com.example.dadosmeteorologicos.App</logger>
  <level>INFO</level>
  <class>com.example.dadosmeteorologicos.App</class>
  <method>start</method>
  <thread>17</thread>
  <message>Aplicativo iniciado</message>
</record>
</log>
<?xml version="1.0" encoding="windows-1252" standalone="no"?>
<!DOCTYPE log SYSTEM "logger.dtd">
<log>
<record>
  <date>2024-03-31T22:53:50.674907900Z</date>
  <millis>1711925630674</millis>
  <nanos>907900</nanos>
  <sequence>0</sequence>
  <logger>com.example.dadosmeteorologicos.App</logger>
  <level>INFO</level>
  <class>com.example.dadosmeteorologicos.App</class>
  <method>start</method>
  <thread>17</thread>
  <message>Banco de dados inicializado</message>
</record>
<record>
  <date>2024-03-31T22:53:52.754969300Z</date>
  <millis>1711925632754</millis>
  <nanos>969300</nanos>
  <sequence>3</sequence>
  <logger>com.example.dadosmeteorologicos.App</logger>
  <level>INFO</level>
  <class>com.example.dadosmeteorologicos.App</class>
  <method>start</method>
  <thread>17</thread>
  <message>Aplicativo iniciado</message>
</record>
</log>
<?xml version="1.0" encoding="windows-1252" standalone="no"?>
<!DOCTYPE log SYSTEM "logger.dtd">
<log>
<record>
  <date>2024-03-31T22:57:22.551895400Z</date>
  <millis>1711925842551</millis>
  <nanos>895400</nanos>
  <sequence>0</sequence>
  <logger>com.example.dadosmeteorologicos.App</logger>
  <level>INFO</level>
  <class>com.example.dadosmeteorologicos.App</class>
  <method>start</method>
  <thread>17</thread>
  <message>Banco de dados inicializado</message>
</record>
<record>
  <date>2024-03-31T22:57:24.009491800Z</date>
  <millis>1711925844009</millis>
  <nanos>491800</nanos>
  <sequence>3</sequence>
  <logger>com.example.dadosmeteorologicos.App</logger>
  <level>INFO</level>
  <class>com.example.dadosmeteorologicos.App</class>
  <method>start</method>
  <thread>17</thread>
  <message>Aplicativo iniciado</message>
</record>
<?xml version="1.0" encoding="windows-1252" standalone="no"?>
<!DOCTYPE log SYSTEM "logger.dtd">
<log>
<record>
  <date>2024-03-31T23:06:26.135083700Z</date>
  <millis>1711926386135</millis>
  <nanos>83700</nanos>
  <sequence>0</sequence>
  <logger>com.example.dadosmeteorologicos.App</logger>
  <level>INFO</level>
  <class>com.example.dadosmeteorologicos.App</class>
  <method>start</method>
  <thread>17</thread>
  <message>Banco de dados inicializado</message>
</record>
<record>
  <date>2024-03-31T23:06:27.453083200Z</date>
  <millis>1711926387453</millis>
  <nanos>83200</nanos>
  <sequence>3</sequence>
  <logger>com.example.dadosmeteorologicos.App</logger>
  <level>INFO</level>
  <class>com.example.dadosmeteorologicos.App</class>
  <method>start</method>
  <thread>17</thread>
  <message>Aplicativo iniciado</message>
</record>
<?xml version="1.0" encoding="windows-1252" standalone="no"?>
<!DOCTYPE log SYSTEM "logger.dtd">
<log>
<record>
  <date>2024-04-01T05:07:34.776532600Z</date>
  <millis>1711948054776</millis>
  <nanos>532600</nanos>
  <sequence>0</sequence>
  <logger>com.example.dadosmeteorologicos.App</logger>
  <level>INFO</level>
  <class>com.example.dadosmeteorologicos.App</class>
  <method>start</method>
  <thread>17</thread>
  <message>Banco de dados inicializado</message>
</record>
<record>
  <date>2024-04-01T05:07:36.084534300Z</date>
  <millis>1711948056084</millis>
  <nanos>534300</nanos>
  <sequence>3</sequence>
  <logger>com.example.dadosmeteorologicos.App</logger>
  <level>INFO</level>
  <class>com.example.dadosmeteorologicos.App</class>
  <method>start</method>
  <thread>17</thread>
  <message>Aplicativo iniciado</message>
</record>
<?xml version="1.0" encoding="windows-1252" standalone="no"?>
<!DOCTYPE log SYSTEM "logger.dtd">
<log>
<record>
  <date>2024-04-01T05:10:17.734866700Z</date>
  <millis>1711948217734</millis>
  <nanos>866700</nanos>
  <sequence>0</sequence>
  <logger>com.example.dadosmeteorologicos.App</logger>
  <level>INFO</level>
  <class>com.example.dadosmeteorologicos.App</class>
  <method>start</method>
  <thread>17</thread>
  <message>Banco de dados inicializado</message>
</record>
<record>
  <date>2024-04-01T05:10:18.582871Z</date>
  <millis>1711948218582</millis>
  <nanos>871000</nanos>
  <sequence>3</sequence>
  <logger>com.example.dadosmeteorologicos.App</logger>
  <level>INFO</level>
  <class>com.example.dadosmeteorologicos.App</class>
  <method>start</method>
  <thread>17</thread>
  <message>Aplicativo iniciado</message>
</record>
<?xml version="1.0" encoding="windows-1252" standalone="no"?>
<!DOCTYPE log SYSTEM "logger.dtd">
<log>
<record>
  <date>2024-04-01T05:12:06.879768500Z</date>
  <millis>1711948326879</millis>
  <nanos>768500</nanos>
  <sequence>0</sequence>
  <logger>com.example.dadosmeteorologicos.App</logger>
  <level>INFO</level>
  <class>com.example.dadosmeteorologicos.App</class>
  <method>start</method>
  <thread>17</thread>
  <message>Banco de dados inicializado</message>
</record>
<record>
  <date>2024-04-01T05:12:07.822761900Z</date>
  <millis>1711948327822</millis>
  <nanos>761900</nanos>
  <sequence>3</sequence>
  <logger>com.example.dadosmeteorologicos.App</logger>
  <level>INFO</level>
  <class>com.example.dadosmeteorologicos.App</class>
  <method>start</method>
  <thread>17</thread>
  <message>Aplicativo iniciado</message>
</record>
<?xml version="1.0" encoding="windows-1252" standalone="no"?>
<!DOCTYPE log SYSTEM "logger.dtd">
<log>
<record>
  <date>2024-04-01T05:13:16.099536700Z</date>
  <millis>1711948396099</millis>
  <nanos>536700</nanos>
  <sequence>0</sequence>
  <logger>com.example.dadosmeteorologicos.App</logger>
  <level>INFO</level>
  <class>com.example.dadosmeteorologicos.App</class>
  <method>start</method>
  <thread>17</thread>
  <message>Banco de dados inicializado</message>
</record>
<record>
  <date>2024-04-01T05:13:17.062535500Z</date>
  <millis>1711948397062</millis>
  <nanos>535500</nanos>
  <sequence>3</sequence>
  <logger>com.example.dadosmeteorologicos.App</logger>
  <level>INFO</level>
  <class>com.example.dadosmeteorologicos.App</class>
  <method>start</method>
  <thread>17</thread>
  <message>Aplicativo iniciado</message>
</record>
<?xml version="1.0" encoding="windows-1252" standalone="no"?>
<!DOCTYPE log SYSTEM "logger.dtd">
<log>
<record>
  <date>2024-04-01T05:14:29.619710500Z</date>
  <millis>1711948469619</millis>
  <nanos>710500</nanos>
  <sequence>0</sequence>
  <logger>com.example.dadosmeteorologicos.App</logger>
  <level>INFO</level>
  <class>com.example.dadosmeteorologicos.App</class>
  <method>start</method>
  <thread>17</thread>
  <message>Banco de dados inicializado</message>
</record>
<record>
  <date>2024-04-01T05:14:30.713707600Z</date>
  <millis>1711948470713</millis>
  <nanos>707600</nanos>
  <sequence>3</sequence>
  <logger>com.example.dadosmeteorologicos.App</logger>
  <level>INFO</level>
  <class>com.example.dadosmeteorologicos.App</class>
  <method>start</method>
  <thread>17</thread>
  <message>Aplicativo iniciado</message>
</record>
<?xml version="1.0" encoding="windows-1252" standalone="no"?>
<!DOCTYPE log SYSTEM "logger.dtd">
<log>
<record>
  <date>2024-04-01T05:22:31.616763600Z</date>
  <millis>1711948951616</millis>
  <nanos>763600</nanos>
  <sequence>0</sequence>
  <logger>com.example.dadosmeteorologicos.App</logger>
  <level>INFO</level>
  <class>com.example.dadosmeteorologicos.App</class>
  <method>start</method>
  <thread>17</thread>
  <message>Banco de dados inicializado</message>
</record>
<record>
  <date>2024-04-01T05:22:32.709760100Z</date>
  <millis>1711948952709</millis>
  <nanos>760100</nanos>
  <sequence>3</sequence>
  <logger>com.example.dadosmeteorologicos.App</logger>
  <level>INFO</level>
  <class>com.example.dadosmeteorologicos.App</class>
  <method>start</method>
  <thread>17</thread>
  <message>Aplicativo iniciado</message>
</record>
<?xml version="1.0" encoding="windows-1252" standalone="no"?>
<!DOCTYPE log SYSTEM "logger.dtd">
<log>
<record>
  <date>2024-04-01T05:23:44.383284600Z</date>
  <millis>1711949024383</millis>
  <nanos>284600</nanos>
  <sequence>0</sequence>
  <logger>com.example.dadosmeteorologicos.App</logger>
  <level>INFO</level>
  <class>com.example.dadosmeteorologicos.App</class>
  <method>start</method>
  <thread>17</thread>
  <message>Banco de dados inicializado</message>
</record>
<record>
  <date>2024-04-01T05:23:45.489283200Z</date>
  <millis>1711949025489</millis>
  <nanos>283200</nanos>
  <sequence>3</sequence>
  <logger>com.example.dadosmeteorologicos.App</logger>
  <level>INFO</level>
  <class>com.example.dadosmeteorologicos.App</class>
  <method>start</method>
  <thread>17</thread>
  <message>Aplicativo iniciado</message>
</record>
</log>
<?xml version="1.0" encoding="windows-1252" standalone="no"?>
<!DOCTYPE log SYSTEM "logger.dtd">
<log>
<record>
  <date>2024-04-01T05:25:21.086620300Z</date>
  <millis>1711949121086</millis>
  <nanos>620300</nanos>
  <sequence>0</sequence>
  <logger>com.example.dadosmeteorologicos.App</logger>
  <level>INFO</level>
  <class>com.example.dadosmeteorologicos.App</class>
  <method>start</method>
  <thread>17</thread>
  <message>Banco de dados inicializado</message>
</record>
<record>
  <date>2024-04-01T05:25:22.603679400Z</date>
  <millis>1711949122603</millis>
  <nanos>679400</nanos>
  <sequence>3</sequence>
  <logger>com.example.dadosmeteorologicos.App</logger>
  <level>INFO</level>
  <class>com.example.dadosmeteorologicos.App</class>
  <method>start</method>
  <thread>17</thread>
  <message>Aplicativo iniciado</message>
</record>
<?xml version="1.0" encoding="windows-1252" standalone="no"?>
<!DOCTYPE log SYSTEM "logger.dtd">
<log>
<record>
  <date>2024-04-01T05:26:26.393582800Z</date>
  <millis>1711949186393</millis>
  <nanos>582800</nanos>
  <sequence>0</sequence>
  <logger>com.example.dadosmeteorologicos.App</logger>
  <level>INFO</level>
  <class>com.example.dadosmeteorologicos.App</class>
  <method>start</method>
  <thread>17</thread>
  <message>Banco de dados inicializado</message>
</record>
<record>
  <date>2024-04-01T05:26:27.676190900Z</date>
  <millis>1711949187676</millis>
  <nanos>190900</nanos>
  <sequence>3</sequence>
  <logger>com.example.dadosmeteorologicos.App</logger>
  <level>INFO</level>
  <class>com.example.dadosmeteorologicos.App</class>
  <method>start</method>
  <thread>17</thread>
  <message>Aplicativo iniciado</message>
</record>
<?xml version="1.0" encoding="windows-1252" standalone="no"?>
<!DOCTYPE log SYSTEM "logger.dtd">
<log>
<record>
  <date>2024-04-01T05:29:00.865603100Z</date>
  <millis>1711949340865</millis>
  <nanos>603100</nanos>
  <sequence>0</sequence>
  <logger>com.example.dadosmeteorologicos.App</logger>
  <level>INFO</level>
  <class>com.example.dadosmeteorologicos.App</class>
  <method>start</method>
  <thread>17</thread>
  <message>Banco de dados inicializado</message>
</record>
<record>
  <date>2024-04-01T05:29:01.988332400Z</date>
  <millis>1711949341988</millis>
  <nanos>332400</nanos>
  <sequence>3</sequence>
  <logger>com.example.dadosmeteorologicos.App</logger>
  <level>INFO</level>
  <class>com.example.dadosmeteorologicos.App</class>
  <method>start</method>
  <thread>17</thread>
  <message>Aplicativo iniciado</message>
</record>
<?xml version="1.0" encoding="windows-1252" standalone="no"?>
<!DOCTYPE log SYSTEM "logger.dtd">
<log>
<record>
  <date>2024-04-01T05:31:03.218670600Z</date>
  <millis>1711949463218</millis>
  <nanos>670600</nanos>
  <sequence>0</sequence>
  <logger>com.example.dadosmeteorologicos.App</logger>
  <level>INFO</level>
  <class>com.example.dadosmeteorologicos.App</class>
  <method>start</method>
  <thread>17</thread>
  <message>Banco de dados inicializado</message>
</record>
<record>
  <date>2024-04-01T05:31:04.811829100Z</date>
  <millis>1711949464811</millis>
  <nanos>829100</nanos>
  <sequence>3</sequence>
  <logger>com.example.dadosmeteorologicos.App</logger>
  <level>INFO</level>
  <class>com.example.dadosmeteorologicos.App</class>
  <method>start</method>
  <thread>17</thread>
  <message>Aplicativo iniciado</message>
</record>
<?xml version="1.0" encoding="windows-1252" standalone="no"?>
<!DOCTYPE log SYSTEM "logger.dtd">
<log>
<record>
  <date>2024-04-01T05:31:45.388402900Z</date>
  <millis>1711949505388</millis>
  <nanos>402900</nanos>
  <sequence>0</sequence>
  <logger>com.example.dadosmeteorologicos.App</logger>
  <level>INFO</level>
  <class>com.example.dadosmeteorologicos.App</class>
  <method>start</method>
  <thread>17</thread>
  <message>Banco de dados inicializado</message>
</record>
<record>
  <date>2024-04-01T05:31:46.351400800Z</date>
  <millis>1711949506351</millis>
  <nanos>400800</nanos>
  <sequence>3</sequence>
  <logger>com.example.dadosmeteorologicos.App</logger>
  <level>INFO</level>
  <class>com.example.dadosmeteorologicos.App</class>
  <method>start</method>
  <thread>17</thread>
  <message>Aplicativo iniciado</message>
</record>
<?xml version="1.0" encoding="windows-1252" standalone="no"?>
<!DOCTYPE log SYSTEM "logger.dtd">
<log>
<record>
  <date>2024-04-01T05:33:41.029462500Z</date>
  <millis>1711949621029</millis>
  <nanos>462500</nanos>
  <sequence>0</sequence>
  <logger>com.example.dadosmeteorologicos.App</logger>
  <level>INFO</level>
  <class>com.example.dadosmeteorologicos.App</class>
  <method>start</method>
  <thread>17</thread>
  <message>Banco de dados inicializado</message>
</record>
<record>
  <date>2024-04-01T05:33:41.892463500Z</date>
  <millis>1711949621892</millis>
  <nanos>463500</nanos>
  <sequence>3</sequence>
  <logger>com.example.dadosmeteorologicos.App</logger>
  <level>INFO</level>
  <class>com.example.dadosmeteorologicos.App</class>
  <method>start</method>
  <thread>17</thread>
  <message>Aplicativo iniciado</message>
</record>
<?xml version="1.0" encoding="windows-1252" standalone="no"?>
<!DOCTYPE log SYSTEM "logger.dtd">
<log>
<record>
  <date>2024-04-01T05:35:08.474263600Z</date>
  <millis>1711949708474</millis>
  <nanos>263600</nanos>
  <sequence>0</sequence>
  <logger>com.example.dadosmeteorologicos.App</logger>
  <level>INFO</level>
  <class>com.example.dadosmeteorologicos.App</class>
  <method>start</method>
  <thread>17</thread>
  <message>Banco de dados inicializado</message>
</record>
<record>
  <date>2024-04-01T05:35:09.744261Z</date>
  <millis>1711949709744</millis>
  <nanos>261000</nanos>
  <sequence>3</sequence>
  <logger>com.example.dadosmeteorologicos.App</logger>
  <level>INFO</level>
  <class>com.example.dadosmeteorologicos.App</class>
  <method>start</method>
  <thread>17</thread>
  <message>Aplicativo iniciado</message>
</record>
<?xml version="1.0" encoding="windows-1252" standalone="no"?>
<!DOCTYPE log SYSTEM "logger.dtd">
<log>
<record>
  <date>2024-04-01T05:38:05.032254700Z</date>
  <millis>1711949885032</millis>
  <nanos>254700</nanos>
  <sequence>0</sequence>
  <logger>com.example.dadosmeteorologicos.App</logger>
  <level>INFO</level>
  <class>com.example.dadosmeteorologicos.App</class>
  <method>start</method>
  <thread>17</thread>
  <message>Banco de dados inicializado</message>
</record>
<record>
  <date>2024-04-01T05:38:06.185428400Z</date>
  <millis>1711949886185</millis>
  <nanos>428400</nanos>
  <sequence>3</sequence>
  <logger>com.example.dadosmeteorologicos.App</logger>
  <level>INFO</level>
  <class>com.example.dadosmeteorologicos.App</class>
  <method>start</method>
  <thread>17</thread>
  <message>Aplicativo iniciado</message>
</record>
<?xml version="1.0" encoding="windows-1252" standalone="no"?>
<!DOCTYPE log SYSTEM "logger.dtd">
<log>
<record>
  <date>2024-04-01T05:39:14.385370Z</date>
  <millis>1711949954385</millis>
  <nanos>370000</nanos>
  <sequence>0</sequence>
  <logger>com.example.dadosmeteorologicos.App</logger>
  <level>INFO</level>
  <class>com.example.dadosmeteorologicos.App</class>
  <method>start</method>
  <thread>17</thread>
  <message>Banco de dados inicializado</message>
</record>
<record>
  <date>2024-04-01T05:39:15.454367300Z</date>
  <millis>1711949955454</millis>
  <nanos>367300</nanos>
  <sequence>3</sequence>
  <logger>com.example.dadosmeteorologicos.App</logger>
  <level>INFO</level>
  <class>com.example.dadosmeteorologicos.App</class>
  <method>start</method>
  <thread>17</thread>
  <message>Aplicativo iniciado</message>
</record>
<?xml version="1.0" encoding="windows-1252" standalone="no"?>
<!DOCTYPE log SYSTEM "logger.dtd">
<log>
<record>
  <date>2024-04-01T05:42:28.726512300Z</date>
  <millis>1711950148726</millis>
  <nanos>512300</nanos>
  <sequence>0</sequence>
  <logger>com.example.dadosmeteorologicos.App</logger>
  <level>INFO</level>
  <class>com.example.dadosmeteorologicos.App</class>
  <method>start</method>
  <thread>17</thread>
  <message>Banco de dados inicializado</message>
</record>
<record>
  <date>2024-04-01T05:42:29.757511900Z</date>
  <millis>1711950149757</millis>
  <nanos>511900</nanos>
  <sequence>3</sequence>
  <logger>com.example.dadosmeteorologicos.App</logger>
  <level>INFO</level>
  <class>com.example.dadosmeteorologicos.App</class>
  <method>start</method>
  <thread>17</thread>
  <message>Aplicativo iniciado</message>
</record>
<?xml version="1.0" encoding="windows-1252" standalone="no"?>
<!DOCTYPE log SYSTEM "logger.dtd">
<log>
<record>
  <date>2024-04-01T05:44:19.735739300Z</date>
  <millis>1711950259735</millis>
  <nanos>739300</nanos>
  <sequence>0</sequence>
  <logger>com.example.dadosmeteorologicos.App</logger>
  <level>INFO</level>
  <class>com.example.dadosmeteorologicos.App</class>
  <method>start</method>
  <thread>17</thread>
  <message>Banco de dados inicializado</message>
</record>
<record>
  <date>2024-04-01T05:44:20.875741200Z</date>
  <millis>1711950260875</millis>
  <nanos>741200</nanos>
  <sequence>3</sequence>
  <logger>com.example.dadosmeteorologicos.App</logger>
  <level>INFO</level>
  <class>com.example.dadosmeteorologicos.App</class>
  <method>start</method>
  <thread>17</thread>
  <message>Aplicativo iniciado</message>
</record>
<?xml version="1.0" encoding="windows-1252" standalone="no"?>
<!DOCTYPE log SYSTEM "logger.dtd">
<log>
<record>
  <date>2024-04-01T05:46:56.521469100Z</date>
  <millis>1711950416521</millis>
  <nanos>469100</nanos>
  <sequence>0</sequence>
  <logger>com.example.dadosmeteorologicos.App</logger>
  <level>INFO</level>
  <class>com.example.dadosmeteorologicos.App</class>
  <method>start</method>
  <thread>17</thread>
  <message>Banco de dados inicializado</message>
</record>
<record>
  <date>2024-04-01T05:46:57.639468600Z</date>
  <millis>1711950417639</millis>
  <nanos>468600</nanos>
  <sequence>3</sequence>
  <logger>com.example.dadosmeteorologicos.App</logger>
  <level>INFO</level>
  <class>com.example.dadosmeteorologicos.App</class>
  <method>start</method>
  <thread>17</thread>
  <message>Aplicativo iniciado</message>
</record>
<?xml version="1.0" encoding="windows-1252" standalone="no"?>
<!DOCTYPE log SYSTEM "logger.dtd">
<log>
<record>
  <date>2024-04-01T05:47:37.194128400Z</date>
  <millis>1711950457194</millis>
  <nanos>128400</nanos>
  <sequence>0</sequence>
  <logger>com.example.dadosmeteorologicos.App</logger>
  <level>INFO</level>
  <class>com.example.dadosmeteorologicos.App</class>
  <method>start</method>
  <thread>17</thread>
  <message>Banco de dados inicializado</message>
</record>
<record>
  <date>2024-04-01T05:47:38.281663900Z</date>
  <millis>1711950458281</millis>
  <nanos>663900</nanos>
  <sequence>3</sequence>
  <logger>com.example.dadosmeteorologicos.App</logger>
  <level>INFO</level>
  <class>com.example.dadosmeteorologicos.App</class>
  <method>start</method>
  <thread>17</thread>
  <message>Aplicativo iniciado</message>
</record>
<?xml version="1.0" encoding="windows-1252" standalone="no"?>
<!DOCTYPE log SYSTEM "logger.dtd">
<log>
<record>
  <date>2024-04-01T05:49:05.238554100Z</date>
  <millis>1711950545238</millis>
  <nanos>554100</nanos>
  <sequence>0</sequence>
  <logger>com.example.dadosmeteorologicos.App</logger>
  <level>INFO</level>
  <class>com.example.dadosmeteorologicos.App</class>
  <method>start</method>
  <thread>17</thread>
  <message>Banco de dados inicializado</message>
</record>
<record>
  <date>2024-04-01T05:49:06.613851600Z</date>
  <millis>1711950546613</millis>
  <nanos>851600</nanos>
  <sequence>3</sequence>
  <logger>com.example.dadosmeteorologicos.App</logger>
  <level>INFO</level>
  <class>com.example.dadosmeteorologicos.App</class>
  <method>start</method>
  <thread>17</thread>
  <message>Aplicativo iniciado</message>
</record>
</log>
<?xml version="1.0" encoding="windows-1252" standalone="no"?>
<!DOCTYPE log SYSTEM "logger.dtd">
<log>
<record>
  <date>2024-04-01T05:50:59.413363200Z</date>
  <millis>1711950659413</millis>
  <nanos>363200</nanos>
  <sequence>0</sequence>
  <logger>com.example.dadosmeteorologicos.App</logger>
  <level>INFO</level>
  <class>com.example.dadosmeteorologicos.App</class>
  <method>start</method>
  <thread>17</thread>
  <message>Banco de dados inicializado</message>
</record>
<record>
  <date>2024-04-01T05:51:00.729433800Z</date>
  <millis>1711950660729</millis>
  <nanos>433800</nanos>
  <sequence>3</sequence>
  <logger>com.example.dadosmeteorologicos.App</logger>
  <level>INFO</level>
  <class>com.example.dadosmeteorologicos.App</class>
  <method>start</method>
  <thread>17</thread>
  <message>Aplicativo iniciado</message>
</record>
<?xml version="1.0" encoding="windows-1252" standalone="no"?>
<!DOCTYPE log SYSTEM "logger.dtd">
<log>
<record>
  <date>2024-04-01T05:54:25.319868500Z</date>
  <millis>1711950865319</millis>
  <nanos>868500</nanos>
  <sequence>0</sequence>
  <logger>com.example.dadosmeteorologicos.App</logger>
  <level>INFO</level>
  <class>com.example.dadosmeteorologicos.App</class>
  <method>start</method>
  <thread>17</thread>
  <message>Banco de dados inicializado</message>
</record>
<record>
  <date>2024-04-01T05:54:26.307872800Z</date>
  <millis>1711950866307</millis>
  <nanos>872800</nanos>
  <sequence>3</sequence>
  <logger>com.example.dadosmeteorologicos.App</logger>
  <level>INFO</level>
  <class>com.example.dadosmeteorologicos.App</class>
  <method>start</method>
  <thread>17</thread>
  <message>Aplicativo iniciado</message>
</record>
</log>
<?xml version="1.0" encoding="windows-1252" standalone="no"?>
<!DOCTYPE log SYSTEM "logger.dtd">
<log>
<record>
  <date>2024-04-01T05:56:52.123804100Z</date>
  <millis>1711951012123</millis>
  <nanos>804100</nanos>
  <sequence>0</sequence>
  <logger>com.example.dadosmeteorologicos.App</logger>
  <level>INFO</level>
  <class>com.example.dadosmeteorologicos.App</class>
  <method>start</method>
  <thread>17</thread>
  <message>Banco de dados inicializado</message>
</record>
<record>
  <date>2024-04-01T05:56:53.609804900Z</date>
  <millis>1711951013609</millis>
  <nanos>804900</nanos>
  <sequence>3</sequence>
  <logger>com.example.dadosmeteorologicos.App</logger>
  <level>INFO</level>
  <class>com.example.dadosmeteorologicos.App</class>
  <method>start</method>
  <thread>17</thread>
  <message>Aplicativo iniciado</message>
</record>
<?xml version="1.0" encoding="windows-1252" standalone="no"?>
<!DOCTYPE log SYSTEM "logger.dtd">
<log>
<record>
  <date>2024-04-01T05:57:04.289325100Z</date>
  <millis>1711951024289</millis>
  <nanos>325100</nanos>
  <sequence>0</sequence>
  <logger>com.example.dadosmeteorologicos.App</logger>
  <level>INFO</level>
  <class>com.example.dadosmeteorologicos.App</class>
  <method>start</method>
  <thread>17</thread>
  <message>Banco de dados inicializado</message>
</record>
<record>
  <date>2024-04-01T05:57:05.154321200Z</date>
  <millis>1711951025154</millis>
  <nanos>321200</nanos>
  <sequence>3</sequence>
  <logger>com.example.dadosmeteorologicos.App</logger>
  <level>INFO</level>
  <class>com.example.dadosmeteorologicos.App</class>
  <method>start</method>
  <thread>17</thread>
  <message>Aplicativo iniciado</message>
</record>
<?xml version="1.0" encoding="windows-1252" standalone="no"?>
<!DOCTYPE log SYSTEM "logger.dtd">
<log>
<record>
  <date>2024-04-01T05:58:01.469872300Z</date>
  <millis>1711951081469</millis>
  <nanos>872300</nanos>
  <sequence>0</sequence>
  <logger>com.example.dadosmeteorologicos.App</logger>
  <level>INFO</level>
  <class>com.example.dadosmeteorologicos.App</class>
  <method>start</method>
  <thread>17</thread>
  <message>Banco de dados inicializado</message>
</record>
<record>
  <date>2024-04-01T05:58:02.793870900Z</date>
  <millis>1711951082793</millis>
  <nanos>870900</nanos>
  <sequence>3</sequence>
  <logger>com.example.dadosmeteorologicos.App</logger>
  <level>INFO</level>
  <class>com.example.dadosmeteorologicos.App</class>
  <method>start</method>
  <thread>17</thread>
  <message>Aplicativo iniciado</message>
</record>
<?xml version="1.0" encoding="windows-1252" standalone="no"?>
<!DOCTYPE log SYSTEM "logger.dtd">
<log>
<record>
  <date>2024-04-01T05:59:05.033050Z</date>
  <millis>1711951145033</millis>
  <nanos>50000</nanos>
  <sequence>0</sequence>
  <logger>com.example.dadosmeteorologicos.App</logger>
  <level>INFO</level>
  <class>com.example.dadosmeteorologicos.App</class>
  <method>start</method>
  <thread>17</thread>
  <message>Banco de dados inicializado</message>
</record>
<record>
  <date>2024-04-01T05:59:06.097045800Z</date>
  <millis>1711951146097</millis>
  <nanos>45800</nanos>
  <sequence>3</sequence>
  <logger>com.example.dadosmeteorologicos.App</logger>
  <level>INFO</level>
  <class>com.example.dadosmeteorologicos.App</class>
  <method>start</method>
  <thread>17</thread>
  <message>Aplicativo iniciado</message>
</record>
<?xml version="1.0" encoding="windows-1252" standalone="no"?>
<!DOCTYPE log SYSTEM "logger.dtd">
<log>
<record>
  <date>2024-04-01T05:59:52.325197Z</date>
  <millis>1711951192325</millis>
  <nanos>197000</nanos>
  <sequence>0</sequence>
  <logger>com.example.dadosmeteorologicos.App</logger>
  <level>INFO</level>
  <class>com.example.dadosmeteorologicos.App</class>
  <method>start</method>
  <thread>17</thread>
  <message>Banco de dados inicializado</message>
</record>
<record>
  <date>2024-04-01T05:59:53.335194800Z</date>
  <millis>1711951193335</millis>
  <nanos>194800</nanos>
  <sequence>3</sequence>
  <logger>com.example.dadosmeteorologicos.App</logger>
  <level>INFO</level>
  <class>com.example.dadosmeteorologicos.App</class>
  <method>start</method>
  <thread>17</thread>
  <message>Aplicativo iniciado</message>
</record>
<?xml version="1.0" encoding="windows-1252" standalone="no"?>
<!DOCTYPE log SYSTEM "logger.dtd">
<log>
<record>
  <date>2024-04-01T06:07:10.064078600Z</date>
  <millis>1711951630064</millis>
  <nanos>78600</nanos>
  <sequence>0</sequence>
  <logger>com.example.dadosmeteorologicos.App</logger>
  <level>INFO</level>
  <class>com.example.dadosmeteorologicos.App</class>
  <method>start</method>
  <thread>17</thread>
  <message>Banco de dados inicializado</message>
</record>
<record>
  <date>2024-04-01T06:07:11.076077400Z</date>
  <millis>1711951631076</millis>
  <nanos>77400</nanos>
  <sequence>3</sequence>
  <logger>com.example.dadosmeteorologicos.App</logger>
  <level>INFO</level>
  <class>com.example.dadosmeteorologicos.App</class>
  <method>start</method>
  <thread>17</thread>
  <message>Aplicativo iniciado</message>
</record>
<?xml version="1.0" encoding="windows-1252" standalone="no"?>
<!DOCTYPE log SYSTEM "logger.dtd">
<log>
<record>
  <date>2024-04-01T06:09:54.085202900Z</date>
  <millis>1711951794085</millis>
  <nanos>202900</nanos>
  <sequence>0</sequence>
  <logger>com.example.dadosmeteorologicos.App</logger>
  <level>INFO</level>
  <class>com.example.dadosmeteorologicos.App</class>
  <method>start</method>
  <thread>17</thread>
  <message>Banco de dados inicializado</message>
</record>
<record>
  <date>2024-04-01T06:09:55.556202Z</date>
  <millis>1711951795556</millis>
  <nanos>202000</nanos>
  <sequence>3</sequence>
  <logger>com.example.dadosmeteorologicos.App</logger>
  <level>INFO</level>
  <class>com.example.dadosmeteorologicos.App</class>
  <method>start</method>
  <thread>17</thread>
  <message>Aplicativo iniciado</message>
</record>
<?xml version="1.0" encoding="windows-1252" standalone="no"?>
<!DOCTYPE log SYSTEM "logger.dtd">
<log>
<record>
  <date>2024-04-01T06:11:51.090689900Z</date>
  <millis>1711951911090</millis>
  <nanos>689900</nanos>
  <sequence>0</sequence>
  <logger>com.example.dadosmeteorologicos.App</logger>
  <level>INFO</level>
  <class>com.example.dadosmeteorologicos.App</class>
  <method>start</method>
  <thread>17</thread>
  <message>Banco de dados inicializado</message>
</record>
<record>
  <date>2024-04-01T06:11:52.113687400Z</date>
  <millis>1711951912113</millis>
  <nanos>687400</nanos>
  <sequence>3</sequence>
  <logger>com.example.dadosmeteorologicos.App</logger>
  <level>INFO</level>
  <class>com.example.dadosmeteorologicos.App</class>
  <method>start</method>
  <thread>17</thread>
  <message>Aplicativo iniciado</message>
</record>
<?xml version="1.0" encoding="windows-1252" standalone="no"?>
<!DOCTYPE log SYSTEM "logger.dtd">
<log>
<record>
  <date>2024-04-01T06:14:22.917948200Z</date>
  <millis>1711952062917</millis>
  <nanos>948200</nanos>
  <sequence>0</sequence>
  <logger>com.example.dadosmeteorologicos.App</logger>
  <level>INFO</level>
  <class>com.example.dadosmeteorologicos.App</class>
  <method>start</method>
  <thread>17</thread>
  <message>Banco de dados inicializado</message>
</record>
<record>
  <date>2024-04-01T06:14:24.288946400Z</date>
  <millis>1711952064288</millis>
  <nanos>946400</nanos>
  <sequence>3</sequence>
  <logger>com.example.dadosmeteorologicos.App</logger>
  <level>INFO</level>
  <class>com.example.dadosmeteorologicos.App</class>
  <method>start</method>
  <thread>17</thread>
  <message>Aplicativo iniciado</message>
</record>
<?xml version="1.0" encoding="windows-1252" standalone="no"?>
<!DOCTYPE log SYSTEM "logger.dtd">
<log>
<record>
  <date>2024-04-01T06:15:11.795503200Z</date>
  <millis>1711952111795</millis>
  <nanos>503200</nanos>
  <sequence>0</sequence>
  <logger>com.example.dadosmeteorologicos.App</logger>
  <level>INFO</level>
  <class>com.example.dadosmeteorologicos.App</class>
  <method>start</method>
  <thread>17</thread>
  <message>Banco de dados inicializado</message>
</record>
<record>
  <date>2024-04-01T06:15:12.660504300Z</date>
  <millis>1711952112660</millis>
  <nanos>504300</nanos>
  <sequence>3</sequence>
  <logger>com.example.dadosmeteorologicos.App</logger>
  <level>INFO</level>
  <class>com.example.dadosmeteorologicos.App</class>
  <method>start</method>
  <thread>17</thread>
  <message>Aplicativo iniciado</message>
</record>
<?xml version="1.0" encoding="windows-1252" standalone="no"?>
<!DOCTYPE log SYSTEM "logger.dtd">
<log>
<record>
  <date>2024-04-01T06:16:14.287708100Z</date>
  <millis>1711952174287</millis>
  <nanos>708100</nanos>
  <sequence>0</sequence>
  <logger>com.example.dadosmeteorologicos.App</logger>
  <level>INFO</level>
  <class>com.example.dadosmeteorologicos.App</class>
  <method>start</method>
  <thread>17</thread>
  <message>Banco de dados inicializado</message>
</record>
<record>
  <date>2024-04-01T06:16:15.278709100Z</date>
  <millis>1711952175278</millis>
  <nanos>709100</nanos>
  <sequence>3</sequence>
  <logger>com.example.dadosmeteorologicos.App</logger>
  <level>INFO</level>
  <class>com.example.dadosmeteorologicos.App</class>
  <method>start</method>
  <thread>17</thread>
  <message>Aplicativo iniciado</message>
</record>
<?xml version="1.0" encoding="windows-1252" standalone="no"?>
<!DOCTYPE log SYSTEM "logger.dtd">
<log>
<record>
  <date>2024-04-01T06:24:00.615296200Z</date>
  <millis>1711952640615</millis>
  <nanos>296200</nanos>
  <sequence>0</sequence>
  <logger>com.example.dadosmeteorologicos.App</logger>
  <level>INFO</level>
  <class>com.example.dadosmeteorologicos.App</class>
  <method>start</method>
  <thread>17</thread>
  <message>Banco de dados inicializado</message>
</record>
<record>
  <date>2024-04-01T06:24:01.985936500Z</date>
  <millis>1711952641985</millis>
  <nanos>936500</nanos>
  <sequence>3</sequence>
  <logger>com.example.dadosmeteorologicos.App</logger>
  <level>INFO</level>
  <class>com.example.dadosmeteorologicos.App</class>
  <method>start</method>
  <thread>17</thread>
  <message>Aplicativo iniciado</message>
</record>
<?xml version="1.0" encoding="windows-1252" standalone="no"?>
<!DOCTYPE log SYSTEM "logger.dtd">
<log>
<record>
  <date>2024-04-01T06:24:22.171907300Z</date>
  <millis>1711952662171</millis>
  <nanos>907300</nanos>
  <sequence>0</sequence>
  <logger>com.example.dadosmeteorologicos.App</logger>
  <level>INFO</level>
  <class>com.example.dadosmeteorologicos.App</class>
  <method>start</method>
  <thread>17</thread>
  <message>Banco de dados inicializado</message>
</record>
<record>
  <date>2024-04-01T06:24:23.269903700Z</date>
  <millis>1711952663269</millis>
  <nanos>903700</nanos>
  <sequence>3</sequence>
  <logger>com.example.dadosmeteorologicos.App</logger>
  <level>INFO</level>
  <class>com.example.dadosmeteorologicos.App</class>
  <method>start</method>
  <thread>17</thread>
  <message>Aplicativo iniciado</message>
</record>
<?xml version="1.0" encoding="windows-1252" standalone="no"?>
<!DOCTYPE log SYSTEM "logger.dtd">
<log>
<record>
  <date>2024-04-01T06:34:50.505698300Z</date>
  <millis>1711953290505</millis>
  <nanos>698300</nanos>
  <sequence>0</sequence>
  <logger>com.example.dadosmeteorologicos.App</logger>
  <level>INFO</level>
  <class>com.example.dadosmeteorologicos.App</class>
  <method>start</method>
  <thread>17</thread>
  <message>Banco de dados inicializado</message>
</record>
<record>
  <date>2024-04-01T06:34:51.641699900Z</date>
  <millis>1711953291641</millis>
  <nanos>699900</nanos>
  <sequence>3</sequence>
  <logger>com.example.dadosmeteorologicos.App</logger>
  <level>INFO</level>
  <class>com.example.dadosmeteorologicos.App</class>
  <method>start</method>
  <thread>17</thread>
  <message>Aplicativo iniciado</message>
</record>
<?xml version="1.0" encoding="windows-1252" standalone="no"?>
<!DOCTYPE log SYSTEM "logger.dtd">
<log>
<record>
  <date>2024-04-01T06:37:40.236061400Z</date>
  <millis>1711953460236</millis>
  <nanos>61400</nanos>
  <sequence>0</sequence>
  <logger>com.example.dadosmeteorologicos.App</logger>
  <level>INFO</level>
  <class>com.example.dadosmeteorologicos.App</class>
  <method>start</method>
  <thread>17</thread>
  <message>Banco de dados inicializado</message>
</record>
<record>
  <date>2024-04-01T06:37:41.213056300Z</date>
  <millis>1711953461213</millis>
  <nanos>56300</nanos>
  <sequence>3</sequence>
  <logger>com.example.dadosmeteorologicos.App</logger>
  <level>INFO</level>
  <class>com.example.dadosmeteorologicos.App</class>
  <method>start</method>
  <thread>17</thread>
  <message>Aplicativo iniciado</message>
</record>
</log>
<?xml version="1.0" encoding="windows-1252" standalone="no"?>
<!DOCTYPE log SYSTEM "logger.dtd">
<log>
<record>
  <date>2024-04-01T06:38:09.819495400Z</date>
  <millis>1711953489819</millis>
  <nanos>495400</nanos>
  <sequence>0</sequence>
  <logger>com.example.dadosmeteorologicos.App</logger>
  <level>INFO</level>
  <class>com.example.dadosmeteorologicos.App</class>
  <method>start</method>
  <thread>17</thread>
  <message>Banco de dados inicializado</message>
</record>
<record>
  <date>2024-04-01T06:38:11.362492600Z</date>
  <millis>1711953491362</millis>
  <nanos>492600</nanos>
  <sequence>3</sequence>
  <logger>com.example.dadosmeteorologicos.App</logger>
  <level>INFO</level>
  <class>com.example.dadosmeteorologicos.App</class>
  <method>start</method>
  <thread>17</thread>
  <message>Aplicativo iniciado</message>
</record>
</log>
<?xml version="1.0" encoding="windows-1252" standalone="no"?>
<!DOCTYPE log SYSTEM "logger.dtd">
<log>
<record>
  <date>2024-04-01T06:38:56.114247800Z</date>
  <millis>1711953536114</millis>
  <nanos>247800</nanos>
  <sequence>0</sequence>
  <logger>com.example.dadosmeteorologicos.App</logger>
  <level>INFO</level>
  <class>com.example.dadosmeteorologicos.App</class>
  <method>start</method>
  <thread>17</thread>
  <message>Banco de dados inicializado</message>
</record>
<record>
  <date>2024-04-01T06:38:57.324244300Z</date>
  <millis>1711953537324</millis>
  <nanos>244300</nanos>
  <sequence>3</sequence>
  <logger>com.example.dadosmeteorologicos.App</logger>
  <level>INFO</level>
  <class>com.example.dadosmeteorologicos.App</class>
  <method>start</method>
  <thread>17</thread>
  <message>Aplicativo iniciado</message>
</record>
</log>
<?xml version="1.0" encoding="windows-1252" standalone="no"?>
<!DOCTYPE log SYSTEM "logger.dtd">
<log>
<record>
  <date>2024-04-01T06:39:48.223918200Z</date>
  <millis>1711953588223</millis>
  <nanos>918200</nanos>
  <sequence>0</sequence>
  <logger>com.example.dadosmeteorologicos.App</logger>
  <level>INFO</level>
  <class>com.example.dadosmeteorologicos.App</class>
  <method>start</method>
  <thread>17</thread>
  <message>Banco de dados inicializado</message>
</record>
<record>
  <date>2024-04-01T06:39:49.306919700Z</date>
  <millis>1711953589306</millis>
  <nanos>919700</nanos>
  <sequence>3</sequence>
  <logger>com.example.dadosmeteorologicos.App</logger>
  <level>INFO</level>
  <class>com.example.dadosmeteorologicos.App</class>
  <method>start</method>
  <thread>17</thread>
  <message>Aplicativo iniciado</message>
</record>
<?xml version="1.0" encoding="windows-1252" standalone="no"?>
<!DOCTYPE log SYSTEM "logger.dtd">
<log>
<record>
  <date>2024-04-01T06:48:58.279579500Z</date>
  <millis>1711954138279</millis>
  <nanos>579500</nanos>
  <sequence>0</sequence>
  <logger>com.example.dadosmeteorologicos.App</logger>
  <level>INFO</level>
  <class>com.example.dadosmeteorologicos.App</class>
  <method>start</method>
  <thread>17</thread>
  <message>Banco de dados inicializado</message>
</record>
<record>
  <date>2024-04-01T06:48:59.375577200Z</date>
  <millis>1711954139375</millis>
  <nanos>577200</nanos>
  <sequence>3</sequence>
  <logger>com.example.dadosmeteorologicos.App</logger>
  <level>INFO</level>
  <class>com.example.dadosmeteorologicos.App</class>
  <method>start</method>
  <thread>17</thread>
  <message>Aplicativo iniciado</message>
</record>
<?xml version="1.0" encoding="windows-1252" standalone="no"?>
<!DOCTYPE log SYSTEM "logger.dtd">
<log>
<record>
  <date>2024-04-01T06:53:42.850810700Z</date>
  <millis>1711954422850</millis>
  <nanos>810700</nanos>
  <sequence>0</sequence>
  <logger>com.example.dadosmeteorologicos.App</logger>
  <level>INFO</level>
  <class>com.example.dadosmeteorologicos.App</class>
  <method>start</method>
  <thread>17</thread>
  <message>Banco de dados inicializado</message>
</record>
<record>
  <date>2024-04-01T06:53:43.865807600Z</date>
  <millis>1711954423865</millis>
  <nanos>807600</nanos>
  <sequence>3</sequence>
  <logger>com.example.dadosmeteorologicos.App</logger>
  <level>INFO</level>
  <class>com.example.dadosmeteorologicos.App</class>
  <method>start</method>
  <thread>17</thread>
  <message>Aplicativo iniciado</message>
</record>
<?xml version="1.0" encoding="windows-1252" standalone="no"?>
<!DOCTYPE log SYSTEM "logger.dtd">
<log>
<record>
  <date>2024-04-01T06:55:18.956622200Z</date>
  <millis>1711954518956</millis>
  <nanos>622200</nanos>
  <sequence>0</sequence>
  <logger>com.example.dadosmeteorologicos.App</logger>
  <level>INFO</level>
  <class>com.example.dadosmeteorologicos.App</class>
  <method>start</method>
  <thread>17</thread>
  <message>Banco de dados inicializado</message>
</record>
<record>
  <date>2024-04-01T06:55:20.094156100Z</date>
  <millis>1711954520094</millis>
  <nanos>156100</nanos>
  <sequence>3</sequence>
  <logger>com.example.dadosmeteorologicos.App</logger>
  <level>INFO</level>
  <class>com.example.dadosmeteorologicos.App</class>
  <method>start</method>
  <thread>17</thread>
  <message>Aplicativo iniciado</message>
</record>
<?xml version="1.0" encoding="windows-1252" standalone="no"?>
<!DOCTYPE log SYSTEM "logger.dtd">
<log>
<record>
  <date>2024-04-01T06:56:16.116209500Z</date>
  <millis>1711954576116</millis>
  <nanos>209500</nanos>
  <sequence>0</sequence>
  <logger>com.example.dadosmeteorologicos.App</logger>
  <level>INFO</level>
  <class>com.example.dadosmeteorologicos.App</class>
  <method>start</method>
  <thread>17</thread>
  <message>Banco de dados inicializado</message>
</record>
<record>
  <date>2024-04-01T06:56:17.262213900Z</date>
  <millis>1711954577262</millis>
  <nanos>213900</nanos>
  <sequence>3</sequence>
  <logger>com.example.dadosmeteorologicos.App</logger>
  <level>INFO</level>
  <class>com.example.dadosmeteorologicos.App</class>
  <method>start</method>
  <thread>17</thread>
  <message>Aplicativo iniciado</message>
</record>
<?xml version="1.0" encoding="windows-1252" standalone="no"?>
<!DOCTYPE log SYSTEM "logger.dtd">
<log>
<record>
  <date>2024-04-01T06:57:23.033084Z</date>
  <millis>1711954643033</millis>
  <nanos>84000</nanos>
  <sequence>0</sequence>
  <logger>com.example.dadosmeteorologicos.App</logger>
  <level>INFO</level>
  <class>com.example.dadosmeteorologicos.App</class>
  <method>start</method>
  <thread>17</thread>
  <message>Banco de dados inicializado</message>
</record>
<record>
  <date>2024-04-01T06:57:24.262087100Z</date>
  <millis>1711954644262</millis>
  <nanos>87100</nanos>
  <sequence>3</sequence>
  <logger>com.example.dadosmeteorologicos.App</logger>
  <level>INFO</level>
  <class>com.example.dadosmeteorologicos.App</class>
  <method>start</method>
  <thread>17</thread>
  <message>Aplicativo iniciado</message>
</record>
<?xml version="1.0" encoding="windows-1252" standalone="no"?>
<!DOCTYPE log SYSTEM "logger.dtd">
<log>
<record>
  <date>2024-04-01T06:58:25.930459Z</date>
  <millis>1711954705930</millis>
  <nanos>459000</nanos>
  <sequence>0</sequence>
  <logger>com.example.dadosmeteorologicos.App</logger>
  <level>INFO</level>
  <class>com.example.dadosmeteorologicos.App</class>
  <method>start</method>
  <thread>17</thread>
  <message>Banco de dados inicializado</message>
</record>
<record>
  <date>2024-04-01T06:58:27.098461700Z</date>
  <millis>1711954707098</millis>
  <nanos>461700</nanos>
  <sequence>3</sequence>
  <logger>com.example.dadosmeteorologicos.App</logger>
  <level>INFO</level>
  <class>com.example.dadosmeteorologicos.App</class>
  <method>start</method>
  <thread>17</thread>
  <message>Aplicativo iniciado</message>
</record>
</log>
<?xml version="1.0" encoding="windows-1252" standalone="no"?>
<!DOCTYPE log SYSTEM "logger.dtd">
<log>
<record>
  <date>2024-04-01T16:05:03.037413200Z</date>
  <millis>1711987503037</millis>
  <nanos>413200</nanos>
  <sequence>0</sequence>
  <logger>com.example.dadosmeteorologicos.App</logger>
  <level>INFO</level>
  <class>com.example.dadosmeteorologicos.App</class>
  <method>start</method>
  <thread>17</thread>
  <message>Banco de dados inicializado</message>
</record>
<record>
  <date>2024-04-01T16:05:03.961411200Z</date>
  <millis>1711987503961</millis>
  <nanos>411200</nanos>
  <sequence>3</sequence>
  <logger>com.example.dadosmeteorologicos.App</logger>
  <level>INFO</level>
  <class>com.example.dadosmeteorologicos.App</class>
  <method>start</method>
  <thread>17</thread>
  <message>Aplicativo iniciado</message>
</record>
</log>
<?xml version="1.0" encoding="windows-1252" standalone="no"?>
<!DOCTYPE log SYSTEM "logger.dtd">
<log>
<record>
  <date>2024-04-01T16:22:07.983847Z</date>
  <millis>1711988527983</millis>
  <nanos>847000</nanos>
  <sequence>0</sequence>
  <logger>com.example.dadosmeteorologicos.App</logger>
  <level>INFO</level>
  <class>com.example.dadosmeteorologicos.App</class>
  <method>start</method>
  <thread>17</thread>
  <message>Banco de dados inicializado</message>
</record>
<record>
  <date>2024-04-01T16:22:08.964847500Z</date>
  <millis>1711988528964</millis>
  <nanos>847500</nanos>
  <sequence>3</sequence>
  <logger>com.example.dadosmeteorologicos.App</logger>
  <level>INFO</level>
  <class>com.example.dadosmeteorologicos.App</class>
  <method>start</method>
  <thread>17</thread>
  <message>Aplicativo iniciado</message>
</record>
<?xml version="1.0" encoding="windows-1252" standalone="no"?>
<!DOCTYPE log SYSTEM "logger.dtd">
<log>
<record>
  <date>2024-04-01T16:23:39.551334800Z</date>
  <millis>1711988619551</millis>
  <nanos>334800</nanos>
  <sequence>0</sequence>
  <logger>com.example.dadosmeteorologicos.App</logger>
  <level>INFO</level>
  <class>com.example.dadosmeteorologicos.App</class>
  <method>start</method>
  <thread>17</thread>
  <message>Banco de dados inicializado</message>
</record>
<record>
  <date>2024-04-01T16:23:40.791328500Z</date>
  <millis>1711988620791</millis>
  <nanos>328500</nanos>
  <sequence>3</sequence>
  <logger>com.example.dadosmeteorologicos.App</logger>
  <level>INFO</level>
  <class>com.example.dadosmeteorologicos.App</class>
  <method>start</method>
  <thread>17</thread>
  <message>Aplicativo iniciado</message>
</record>
</log>
<?xml version="1.0" encoding="windows-1252" standalone="no"?>
<!DOCTYPE log SYSTEM "logger.dtd">
<log>
<record>
  <date>2024-04-01T16:30:09.287084600Z</date>
  <millis>1711989009287</millis>
  <nanos>84600</nanos>
  <sequence>0</sequence>
  <logger>com.example.dadosmeteorologicos.App</logger>
  <level>INFO</level>
  <class>com.example.dadosmeteorologicos.App</class>
  <method>start</method>
  <thread>17</thread>
  <message>Banco de dados inicializado</message>
</record>
<record>
  <date>2024-04-01T16:30:10.550084600Z</date>
  <millis>1711989010550</millis>
  <nanos>84600</nanos>
  <sequence>3</sequence>
  <logger>com.example.dadosmeteorologicos.App</logger>
  <level>INFO</level>
  <class>com.example.dadosmeteorologicos.App</class>
  <method>start</method>
  <thread>17</thread>
  <message>Aplicativo iniciado</message>
</record>
<?xml version="1.0" encoding="windows-1252" standalone="no"?>
<!DOCTYPE log SYSTEM "logger.dtd">
<log>
<record>
  <date>2024-04-01T16:55:27.270079500Z</date>
  <millis>1711990527270</millis>
  <nanos>79500</nanos>
  <sequence>0</sequence>
  <logger>com.example.dadosmeteorologicos.App</logger>
  <level>INFO</level>
  <class>com.example.dadosmeteorologicos.App</class>
  <method>start</method>
  <thread>17</thread>
  <message>Banco de dados inicializado</message>
</record>
<record>
  <date>2024-04-01T16:55:28.447080100Z</date>
  <millis>1711990528447</millis>
  <nanos>80100</nanos>
  <sequence>3</sequence>
  <logger>com.example.dadosmeteorologicos.App</logger>
  <level>INFO</level>
  <class>com.example.dadosmeteorologicos.App</class>
  <method>start</method>
  <thread>17</thread>
  <message>Aplicativo iniciado</message>
</record>
</log>
<?xml version="1.0" encoding="windows-1252" standalone="no"?>
<!DOCTYPE log SYSTEM "logger.dtd">
<log>
<record>
  <date>2024-04-01T16:56:20.601978300Z</date>
  <millis>1711990580601</millis>
  <nanos>978300</nanos>
  <sequence>0</sequence>
  <logger>com.example.dadosmeteorologicos.App</logger>
  <level>INFO</level>
  <class>com.example.dadosmeteorologicos.App</class>
  <method>start</method>
  <thread>17</thread>
  <message>Banco de dados inicializado</message>
</record>
<record>
  <date>2024-04-01T16:56:21.711978200Z</date>
  <millis>1711990581711</millis>
  <nanos>978200</nanos>
  <sequence>3</sequence>
  <logger>com.example.dadosmeteorologicos.App</logger>
  <level>INFO</level>
  <class>com.example.dadosmeteorologicos.App</class>
  <method>start</method>
  <thread>17</thread>
  <message>Aplicativo iniciado</message>
</record>
</log>
<?xml version="1.0" encoding="windows-1252" standalone="no"?>
<!DOCTYPE log SYSTEM "logger.dtd">
<log>
<record>
  <date>2024-04-01T16:57:40.736291300Z</date>
  <millis>1711990660736</millis>
  <nanos>291300</nanos>
  <sequence>0</sequence>
  <logger>com.example.dadosmeteorologicos.App</logger>
  <level>INFO</level>
  <class>com.example.dadosmeteorologicos.App</class>
  <method>start</method>
  <thread>17</thread>
  <message>Banco de dados inicializado</message>
</record>
<record>
  <date>2024-04-01T16:57:41.740285Z</date>
  <millis>1711990661740</millis>
  <nanos>285000</nanos>
  <sequence>3</sequence>
  <logger>com.example.dadosmeteorologicos.App</logger>
  <level>INFO</level>
  <class>com.example.dadosmeteorologicos.App</class>
  <method>start</method>
  <thread>17</thread>
  <message>Aplicativo iniciado</message>
</record>
</log>
<?xml version="1.0" encoding="windows-1252" standalone="no"?>
<!DOCTYPE log SYSTEM "logger.dtd">
<log>
<record>
  <date>2024-04-01T17:15:27.643793600Z</date>
  <millis>1711991727643</millis>
  <nanos>793600</nanos>
  <sequence>0</sequence>
  <logger>com.example.dadosmeteorologicos.App</logger>
  <level>INFO</level>
  <class>com.example.dadosmeteorologicos.App</class>
  <method>start</method>
  <thread>17</thread>
  <message>Banco de dados inicializado</message>
</record>
<record>
  <date>2024-04-01T17:15:28.714793800Z</date>
  <millis>1711991728714</millis>
  <nanos>793800</nanos>
  <sequence>3</sequence>
  <logger>com.example.dadosmeteorologicos.App</logger>
  <level>INFO</level>
  <class>com.example.dadosmeteorologicos.App</class>
  <method>start</method>
  <thread>17</thread>
  <message>Aplicativo iniciado</message>
</record>
</log>
<?xml version="1.0" encoding="windows-1252" standalone="no"?>
<!DOCTYPE log SYSTEM "logger.dtd">
<log>
<record>
  <date>2024-04-01T23:16:21.793990900Z</date>
  <millis>1712013381793</millis>
  <nanos>990900</nanos>
  <sequence>0</sequence>
  <logger>com.example.dadosmeteorologicos.App</logger>
  <level>INFO</level>
  <class>com.example.dadosmeteorologicos.App</class>
  <method>start</method>
  <thread>17</thread>
  <message>Banco de dados inicializado</message>
</record>
<record>
  <date>2024-04-01T23:16:23.202991300Z</date>
  <millis>1712013383202</millis>
  <nanos>991300</nanos>
  <sequence>3</sequence>
  <logger>com.example.dadosmeteorologicos.App</logger>
  <level>INFO</level>
  <class>com.example.dadosmeteorologicos.App</class>
  <method>start</method>
  <thread>17</thread>
  <message>Aplicativo iniciado</message>
</record>
<?xml version="1.0" encoding="windows-1252" standalone="no"?>
<!DOCTYPE log SYSTEM "logger.dtd">
<log>
<record>
  <date>2024-04-01T23:19:07.706746400Z</date>
  <millis>1712013547706</millis>
  <nanos>746400</nanos>
  <sequence>0</sequence>
  <logger>com.example.dadosmeteorologicos.App</logger>
  <level>INFO</level>
  <class>com.example.dadosmeteorologicos.App</class>
  <method>start</method>
  <thread>17</thread>
  <message>Banco de dados inicializado</message>
</record>
<record>
  <date>2024-04-01T23:19:08.786742400Z</date>
  <millis>1712013548786</millis>
  <nanos>742400</nanos>
  <sequence>3</sequence>
  <logger>com.example.dadosmeteorologicos.App</logger>
  <level>INFO</level>
  <class>com.example.dadosmeteorologicos.App</class>
  <method>start</method>
  <thread>17</thread>
  <message>Aplicativo iniciado</message>
</record>
<?xml version="1.0" encoding="windows-1252" standalone="no"?>
<!DOCTYPE log SYSTEM "logger.dtd">
<log>
<record>
  <date>2024-04-01T23:20:14.157323900Z</date>
  <millis>1712013614157</millis>
  <nanos>323900</nanos>
  <sequence>0</sequence>
  <logger>com.example.dadosmeteorologicos.App</logger>
  <level>INFO</level>
  <class>com.example.dadosmeteorologicos.App</class>
  <method>start</method>
  <thread>17</thread>
  <message>Banco de dados inicializado</message>
</record>
<record>
  <date>2024-04-01T23:20:15.127326200Z</date>
  <millis>1712013615127</millis>
  <nanos>326200</nanos>
  <sequence>3</sequence>
  <logger>com.example.dadosmeteorologicos.App</logger>
  <level>INFO</level>
  <class>com.example.dadosmeteorologicos.App</class>
  <method>start</method>
  <thread>17</thread>
  <message>Aplicativo iniciado</message>
</record>
<?xml version="1.0" encoding="windows-1252" standalone="no"?>
<!DOCTYPE log SYSTEM "logger.dtd">
<log>
<record>
  <date>2024-04-01T23:28:27.855297200Z</date>
  <millis>1712014107855</millis>
  <nanos>297200</nanos>
  <sequence>0</sequence>
  <logger>com.example.dadosmeteorologicos.App</logger>
  <level>INFO</level>
  <class>com.example.dadosmeteorologicos.App</class>
  <method>start</method>
  <thread>17</thread>
  <message>Banco de dados inicializado</message>
</record>
<record>
  <date>2024-04-01T23:28:28.913695400Z</date>
  <millis>1712014108913</millis>
  <nanos>695400</nanos>
  <sequence>3</sequence>
  <logger>com.example.dadosmeteorologicos.App</logger>
  <level>INFO</level>
  <class>com.example.dadosmeteorologicos.App</class>
  <method>start</method>
  <thread>17</thread>
  <message>Aplicativo iniciado</message>
</record>
